mode: set
api_short_story/business/categories/usecase.go:11.78,15.2 1 1
api_short_story/business/categories/usecase.go:17.78,19.16 2 1
api_short_story/business/categories/usecase.go:22.2,22.24 1 1
api_short_story/business/categories/usecase.go:19.16,21.3 1 1
api_short_story/business/categories/usecase.go:25.94,26.25 1 1
api_short_story/business/categories/usecase.go:29.2,30.16 2 1
api_short_story/business/categories/usecase.go:33.2,33.22 1 1
api_short_story/business/categories/usecase.go:26.25,28.3 1 1
api_short_story/business/categories/usecase.go:30.16,32.3 1 1
api_short_story/business/categories/usecase.go:36.103,37.25 1 1
api_short_story/business/categories/usecase.go:40.2,41.16 2 1
api_short_story/business/categories/usecase.go:44.2,44.22 1 1
api_short_story/business/categories/usecase.go:37.25,39.3 1 1
api_short_story/business/categories/usecase.go:41.16,43.3 1 1
api_short_story/business/categories/usecase.go:47.80,49.16 2 1
api_short_story/business/categories/usecase.go:52.2,52.22 1 1
api_short_story/business/categories/usecase.go:49.16,51.3 1 1
api_short_story/business/short_story/usecase.go:9.84,13.2 1 1
api_short_story/business/short_story/usecase.go:15.102,17.16 2 1
api_short_story/business/short_story/usecase.go:20.2,20.26 1 1
api_short_story/business/short_story/usecase.go:17.16,19.3 1 1
api_short_story/business/short_story/usecase.go:23.87,25.16 2 1
api_short_story/business/short_story/usecase.go:28.2,28.26 1 1
api_short_story/business/short_story/usecase.go:25.16,27.3 1 1
api_short_story/business/short_story/usecase.go:31.100,33.16 2 1
api_short_story/business/short_story/usecase.go:36.2,36.26 1 1
api_short_story/business/short_story/usecase.go:33.16,35.3 1 1
api_short_story/business/short_story/usecase.go:39.99,41.16 2 1
api_short_story/business/short_story/usecase.go:44.2,44.26 1 1
api_short_story/business/short_story/usecase.go:41.16,43.3 1 1
api_short_story/business/short_story/usecase.go:47.97,49.16 2 1
api_short_story/business/short_story/usecase.go:52.2,52.26 1 1
api_short_story/business/short_story/usecase.go:49.16,51.3 1 1
api_short_story/business/short_story/usecase.go:55.104,56.28 1 1
api_short_story/business/short_story/usecase.go:59.2,59.30 1 1
api_short_story/business/short_story/usecase.go:62.2,62.32 1 1
api_short_story/business/short_story/usecase.go:65.2,66.16 2 1
api_short_story/business/short_story/usecase.go:69.2,69.24 1 1
api_short_story/business/short_story/usecase.go:56.28,58.3 1 1
api_short_story/business/short_story/usecase.go:59.30,61.3 1 1
api_short_story/business/short_story/usecase.go:62.32,64.3 1 1
api_short_story/business/short_story/usecase.go:66.16,68.3 1 1
api_short_story/business/short_story/usecase.go:72.113,73.28 1 1
api_short_story/business/short_story/usecase.go:76.2,76.30 1 1
api_short_story/business/short_story/usecase.go:79.2,79.32 1 1
api_short_story/business/short_story/usecase.go:82.2,83.16 2 1
api_short_story/business/short_story/usecase.go:86.2,86.24 1 1
api_short_story/business/short_story/usecase.go:73.28,75.3 1 1
api_short_story/business/short_story/usecase.go:76.30,78.3 1 1
api_short_story/business/short_story/usecase.go:79.32,81.3 1 1
api_short_story/business/short_story/usecase.go:83.16,85.3 1 1
api_short_story/business/short_story/usecase.go:89.115,91.16 2 1
api_short_story/business/short_story/usecase.go:94.2,94.19 1 1
api_short_story/business/short_story/usecase.go:91.16,93.3 1 1
api_short_story/business/authors/usecase.go:12.72,16.2 1 1
api_short_story/business/authors/usecase.go:18.80,19.24 1 1
api_short_story/business/authors/usecase.go:22.2,22.27 1 1
api_short_story/business/authors/usecase.go:25.2,27.16 3 1
api_short_story/business/authors/usecase.go:30.2,30.58 1 1
api_short_story/business/authors/usecase.go:33.2,33.53 1 1
api_short_story/business/authors/usecase.go:19.24,21.3 1 1
api_short_story/business/authors/usecase.go:22.27,24.3 1 1
api_short_story/business/authors/usecase.go:27.16,29.3 1 1
api_short_story/business/authors/usecase.go:30.58,32.3 1 1
api_short_story/business/authors/usecase.go:36.71,38.16 2 1
api_short_story/business/authors/usecase.go:41.2,41.21 1 1
api_short_story/business/authors/usecase.go:38.16,40.3 1 1
api_short_story/business/authors/usecase.go:44.75,46.16 2 1
api_short_story/business/authors/usecase.go:49.2,49.20 1 1
api_short_story/business/authors/usecase.go:46.16,48.3 1 1
api_short_story/business/authors/usecase.go:52.85,54.16 2 1
api_short_story/business/authors/usecase.go:57.2,57.20 1 1
api_short_story/business/authors/usecase.go:54.16,56.3 1 1
api_short_story/business/authors/usecase.go:60.84,62.23 1 1
api_short_story/business/authors/usecase.go:65.2,65.24 1 1
api_short_story/business/authors/usecase.go:68.2,68.27 1 1
api_short_story/business/authors/usecase.go:71.2,71.34 1 1
api_short_story/business/authors/usecase.go:74.2,74.26 1 1
api_short_story/business/authors/usecase.go:77.2,77.47 1 1
api_short_story/business/authors/usecase.go:80.2,84.16 5 1
api_short_story/business/authors/usecase.go:87.2,87.20 1 1
api_short_story/business/authors/usecase.go:62.23,64.3 1 1
api_short_story/business/authors/usecase.go:65.24,67.3 1 1
api_short_story/business/authors/usecase.go:68.27,70.3 1 1
api_short_story/business/authors/usecase.go:71.34,73.3 1 1
api_short_story/business/authors/usecase.go:74.26,76.3 1 1
api_short_story/business/authors/usecase.go:77.47,79.3 1 1
api_short_story/business/authors/usecase.go:84.16,86.3 1 1
api_short_story/business/authors/usecase.go:90.93,91.23 1 1
api_short_story/business/authors/usecase.go:94.2,94.24 1 1
api_short_story/business/authors/usecase.go:97.2,97.27 1 1
api_short_story/business/authors/usecase.go:100.2,100.26 1 1
api_short_story/business/authors/usecase.go:103.2,106.16 4 1
api_short_story/business/authors/usecase.go:109.2,109.20 1 1
api_short_story/business/authors/usecase.go:91.23,93.3 1 1
api_short_story/business/authors/usecase.go:94.24,96.3 1 1
api_short_story/business/authors/usecase.go:97.27,99.3 1 1
api_short_story/business/authors/usecase.go:100.26,102.3 1 1
api_short_story/business/authors/usecase.go:106.16,108.3 1 1
api_short_story/business/authors/usecase.go:112.74,114.16 2 1
api_short_story/business/authors/usecase.go:117.2,117.20 1 1
api_short_story/business/authors/usecase.go:114.16,116.3 1 1
